<?xml version="1.0" encoding="UTF-8"?>
<testsuite xmlns:xsi="http://www.w3.org/2001/XMLSchema-instance" xsi:noNamespaceSchemaLocation="https://maven.apache.org/surefire/maven-surefire-plugin/xsd/surefire-test-report-3.0.xsd" version="3.0" name="hellocucumber.RunCucumberTest" time="0.37" tests="18" errors="18" skipped="0" failures="0">
  <properties>
[...]
</properties>
  <testcase name="Example #1" classname="Examples" time="0.088">
    <error type="io.cucumber.junit.platform.engine.UndefinedStepException"><![CDATA[io.cucumber.junit.platform.engine.UndefinedStepException: 
The step 'A call to the operation' and 6 other step(s) are undefined.
You can implement these steps using the snippet(s) below:

@Given("A call to the operation")
public void a_call_to_the_operation() {
    // Write code here that turns the phrase above into concrete actions
    throw new io.cucumber.java.PendingException();
}
@Then("We will receive the value of the angle for {int}")
public void we_will_receive_the_value_of_the_angle_for(Integer int1) {
    // Write code here that turns the phrase above into concrete actions
    throw new io.cucumber.java.PendingException();
}

]]></error>
    <system-out><![CDATA[
@tag @tag1
Scenario: Read all the angles                        &amp#27;[90m# hellocucumber/read.feature:36&amp#27;[0m
  &amp#27;[33mGiven &amp#27;[0m&amp#27;[33mA call to the operation&amp#27;[0m
  &amp#27;[36mThen &amp#27;[0m&amp#27;[36mWe will receive the value of the angle for 90&amp#27;[0m
  &amp#27;[36mAnd &amp#27;[0m&amp#27;[36mWe will receive the value of the angle for 90&amp#27;[0m
  &amp#27;[36mAnd &amp#27;[0m&amp#27;[36mWe will receive the value of the angle for 90&amp#27;[0m
  &amp#27;[36mAnd &amp#27;[0m&amp#27;[36mWe will receive the value of the angle for 90&amp#27;[0m
  &amp#27;[36mAnd &amp#27;[0m&amp#27;[36mWe will receive the value of the angle for 90&amp#27;[0m
  &amp#27;[36mAnd &amp#27;[0m&amp#27;[36mWe will receive the value of the angle for 90&amp#27;[0m
]]></system-out>
  </testcase>
  <testcase name="Example #1" classname="Examples" time="0.006">
    <error type="io.cucumber.junit.platform.engine.UndefinedStepException"><![CDATA[io.cucumber.junit.platform.engine.UndefinedStepException: 
The step 'An 1 indicating the servo' and 2 other step(s) are undefined.
You can implement these steps using the snippet(s) below:

@Given("An {int} indicating the servo")
public void an_indicating_the_servo(Integer int1) {
    // Write code here that turns the phrase above into concrete actions
    throw new io.cucumber.java.PendingException();
}
@When("The {int} is equals to one of the servos")
public void the_is_equals_to_one_of_the_servos(Integer int1) {
    // Write code here that turns the phrase above into concrete actions
    throw new io.cucumber.java.PendingException();
}
@Then("The system will print the {int} of the servo")
public void the_system_will_print_the_of_the_servo(Integer int1) {
    // Write code here that turns the phrase above into concrete actions
    throw new io.cucumber.java.PendingException();
}

]]></error>
    <system-out><![CDATA[
@tag @tag2
Scenario: Read a single servo                    &amp#27;[90m# hellocucumber/read.feature:48&amp#27;[0m
  &amp#27;[33mGiven &amp#27;[0m&amp#27;[33mAn 1 indicating the servo&amp#27;[0m
  &amp#27;[36mWhen &amp#27;[0m&amp#27;[36mThe 1 is equals to one of the servos&amp#27;[0m
  &amp#27;[36mThen &amp#27;[0m&amp#27;[36mThe system will print the 90 of the servo&amp#27;[0m
]]></system-out>
  </testcase>
  <testcase name="Example #1" classname="Examples" time="0.012">
    <error type="io.cucumber.junit.platform.engine.UndefinedStepException"><![CDATA[io.cucumber.junit.platform.engine.UndefinedStepException: 
The step 'An 1 indicating the servo' and 7 other step(s) are undefined.
You can implement these steps using the snippet(s) below:

@Given("An {int} indicating the servo")
public void an_indicating_the_servo(Integer int1) {
    // Write code here that turns the phrase above into concrete actions
    throw new io.cucumber.java.PendingException();
}
@Given("An {int} for the rotation")
public void an_for_the_rotation(Integer int1) {
    // Write code here that turns the phrase above into concrete actions
    throw new io.cucumber.java.PendingException();
}
@Given("A {int} for the completion of the move")
public void a_for_the_completion_of_the_move(Integer int1) {
    // Write code here that turns the phrase above into concrete actions
    throw new io.cucumber.java.PendingException();
}
@When("The {int} is equals to one of the servos")
public void the_is_equals_to_one_of_the_servos(Integer int1) {
    // Write code here that turns the phrase above into concrete actions
    throw new io.cucumber.java.PendingException();
}
@When("The {int} is in the range of movement")
public void the_is_in_the_range_of_movement(Integer int1) {
    // Write code here that turns the phrase above into concrete actions
    throw new io.cucumber.java.PendingException();
}
@When("The {int} is acceptable")
public void the_is_acceptable(Integer int1) {
    // Write code here that turns the phrase above into concrete actions
    throw new io.cucumber.java.PendingException();
}
@Then("The servo with the {int} given will rotate to the {int}")
public void the_servo_with_the_given_will_rotate_to_the(Integer int1, Integer int2) {
    // Write code here that turns the phrase above into concrete actions
    throw new io.cucumber.java.PendingException();
}
@Then("It will complete the movement in the {int} given")
public void it_will_complete_the_movement_in_the_given(Integer int1) {
    // Write code here that turns the phrase above into concrete actions
    throw new io.cucumber.java.PendingException();
}

]]></error>
    <system-out><![CDATA[
@tag @tag1
Scenario: Rotate a single servo                         &amp#27;[90m# hellocucumber/rotate.feature:36&amp#27;[0m
  &amp#27;[33mGiven &amp#27;[0m&amp#27;[33mAn 1 indicating the servo&amp#27;[0m
  &amp#27;[36mAnd &amp#27;[0m&amp#27;[36mAn 90 for the rotation&amp#27;[0m
  &amp#27;[36mAnd &amp#27;[0m&amp#27;[36mA 1000 for the completion of the move&amp#27;[0m
  &amp#27;[36mWhen &amp#27;[0m&amp#27;[36mThe 1 is equals to one of the servos&amp#27;[0m
  &amp#27;[36mAnd &amp#27;[0m&amp#27;[36mThe 90 is in the range of movement&amp#27;[0m
  &amp#27;[36mAnd &amp#27;[0m&amp#27;[36mThe 1000 is acceptable&amp#27;[0m
  &amp#27;[36mThen &amp#27;[0m&amp#27;[36mThe servo with the 1 given will rotate to the 90&amp#27;[0m
  &amp#27;[36mAnd &amp#27;[0m&amp#27;[36mIt will complete the movement in the 1000 given&amp#27;[0m
]]></system-out>
  </testcase>
  <testcase name="Example #1" classname="Examples" time="0.025">
    <error type="io.cucumber.junit.platform.engine.UndefinedStepException"><![CDATA[io.cucumber.junit.platform.engine.UndefinedStepException: 
The step 'A angle value for 90' and 19 other step(s) are undefined.
You can implement these steps using the snippet(s) below:

@Given("A angle value for {int}")
public void a_angle_value_for(Integer int1) {
    // Write code here that turns the phrase above into concrete actions
    throw new io.cucumber.java.PendingException();
}
@Given("A {int} value for the movement")
public void a_value_for_the_movement(Integer int1) {
    // Write code here that turns the phrase above into concrete actions
    throw new io.cucumber.java.PendingException();
}
@When("The value for {int} is in range")
public void the_value_for_is_in_range(Integer int1) {
    // Write code here that turns the phrase above into concrete actions
    throw new io.cucumber.java.PendingException();
}
@When("The {int} value is acceptable")
public void the_value_is_acceptable(Integer int1) {
    // Write code here that turns the phrase above into concrete actions
    throw new io.cucumber.java.PendingException();
}
@Then("The servo1 will rotate to the value for {int} in the given {int}")
public void the_servo1_will_rotate_to_the_value_for_in_the_given(Integer int1, Integer int2) {
    // Write code here that turns the phrase above into concrete actions
    throw new io.cucumber.java.PendingException();
}
@Then("The servo2 will rotate to the value for {int} in the given {int}")
public void the_servo2_will_rotate_to_the_value_for_in_the_given(Integer int1, Integer int2) {
    // Write code here that turns the phrase above into concrete actions
    throw new io.cucumber.java.PendingException();
}
@Then("The servo3 will rotate to the value for {int} in the given {int}")
public void the_servo3_will_rotate_to_the_value_for_in_the_given(Integer int1, Integer int2) {
    // Write code here that turns the phrase above into concrete actions
    throw new io.cucumber.java.PendingException();
}
@Then("The servo4 will rotate to the value for {int} in the given {int}")
public void the_servo4_will_rotate_to_the_value_for_in_the_given(Integer int1, Integer int2) {
    // Write code here that turns the phrase above into concrete actions
    throw new io.cucumber.java.PendingException();
}
@Then("The servo5 will rotate to the value for {int} in the given {int}")
public void the_servo5_will_rotate_to_the_value_for_in_the_given(Integer int1, Integer int2) {
    // Write code here that turns the phrase above into concrete actions
    throw new io.cucumber.java.PendingException();
}
@Then("The servo6 will rotate to the value for {int} in the given {int}")
public void the_servo6_will_rotate_to_the_value_for_in_the_given(Integer int1, Integer int2) {
    // Write code here that turns the phrase above into concrete actions
    throw new io.cucumber.java.PendingException();
}

]]></error>
    <system-out><![CDATA[
@tag @tag2
Scenario: Rotate multiple servos                                    &amp#27;[90m# hellocucumber/rotate.feature:68&amp#27;[0m
  &amp#27;[33mGiven &amp#27;[0m&amp#27;[33mA angle value for 90&amp#27;[0m
  &amp#27;[36mAnd &amp#27;[0m&amp#27;[36mA angle value for 90&amp#27;[0m
  &amp#27;[36mAnd &amp#27;[0m&amp#27;[36mA angle value for 90&amp#27;[0m
  &amp#27;[36mAnd &amp#27;[0m&amp#27;[36mA angle value for 90&amp#27;[0m
  &amp#27;[36mAnd &amp#27;[0m&amp#27;[36mA angle value for 90&amp#27;[0m
  &amp#27;[36mAnd &amp#27;[0m&amp#27;[36mA angle value for 90&amp#27;[0m
  &amp#27;[36mAnd &amp#27;[0m&amp#27;[36mA 1000 value for the movement&amp#27;[0m
  &amp#27;[36mWhen &amp#27;[0m&amp#27;[36mThe value for 90 is in range&amp#27;[0m
  &amp#27;[36mAnd &amp#27;[0m&amp#27;[36mThe value for 90 is in range&amp#27;[0m
  &amp#27;[36mAnd &amp#27;[0m&amp#27;[36mThe value for 90 is in range&amp#27;[0m
  &amp#27;[36mAnd &amp#27;[0m&amp#27;[36mThe value for 90 is in range&amp#27;[0m
  &amp#27;[36mAnd &amp#27;[0m&amp#27;[36mThe value for 90 is in range&amp#27;[0m
  &amp#27;[36mAnd &amp#27;[0m&amp#27;[36mThe value for 90 is in range&amp#27;[0m
  &amp#27;[36mAnd &amp#27;[0m&amp#27;[36mThe 1000 value is acceptable&amp#27;[0m
  &amp#27;[36mThen &amp#27;[0m&amp#27;[36mThe servo1 will rotate to the value for 90 in the given 1000&amp#27;[0m
  &amp#27;[36mAnd &amp#27;[0m&amp#27;[36mThe servo2 will rotate to the value for 90 in the given 1000&amp#27;[0m
  &amp#27;[36mAnd &amp#27;[0m&amp#27;[36mThe servo3 will rotate to the value for 90 in the given 1000&amp#27;[0m
  &amp#27;[36mAnd &amp#27;[0m&amp#27;[36mThe servo4 will rotate to the value for 90 in the given 1000&amp#27;[0m
  &amp#27;[36mAnd &amp#27;[0m&amp#27;[36mThe servo5 will rotate to the value for 90 in the given 1000&amp#27;[0m
  &amp#27;[36mAnd &amp#27;[0m&amp#27;[36mThe servo6 will rotate to the value for 90 in the given 1000&amp#27;[0m
]]></system-out>
  </testcase>
  <testcase name="Example #2" classname="Examples" time="0.008">
    <error type="io.cucumber.junit.platform.engine.UndefinedStepException"><![CDATA[io.cucumber.junit.platform.engine.UndefinedStepException: 
The step 'A call to the operation' and 6 other step(s) are undefined.
You can implement these steps using the snippet(s) below:

@Given("A call to the operation")
public void a_call_to_the_operation() {
    // Write code here that turns the phrase above into concrete actions
    throw new io.cucumber.java.PendingException();
}
@Then("We will receive the value of the angle for {int}")
public void we_will_receive_the_value_of_the_angle_for(Integer int1) {
    // Write code here that turns the phrase above into concrete actions
    throw new io.cucumber.java.PendingException();
}

]]></error>
    <system-out><![CDATA[
@tag @tag1
Scenario: Read all the angles                        &amp#27;[90m# hellocucumber/read.feature:37&amp#27;[0m
  &amp#27;[33mGiven &amp#27;[0m&amp#27;[33mA call to the operation&amp#27;[0m
  &amp#27;[36mThen &amp#27;[0m&amp#27;[36mWe will receive the value of the angle for 45&amp#27;[0m
  &amp#27;[36mAnd &amp#27;[0m&amp#27;[36mWe will receive the value of the angle for 45&amp#27;[0m
  &amp#27;[36mAnd &amp#27;[0m&amp#27;[36mWe will receive the value of the angle for 45&amp#27;[0m
  &amp#27;[36mAnd &amp#27;[0m&amp#27;[36mWe will receive the value of the angle for 45&amp#27;[0m
  &amp#27;[36mAnd &amp#27;[0m&amp#27;[36mWe will receive the value of the angle for 45&amp#27;[0m
  &amp#27;[36mAnd &amp#27;[0m&amp#27;[36mWe will receive the value of the angle for 45&amp#27;[0m
]]></system-out>
  </testcase>
  <testcase name="Example #2" classname="Examples" time="0.004">
    <error type="io.cucumber.junit.platform.engine.UndefinedStepException"><![CDATA[io.cucumber.junit.platform.engine.UndefinedStepException: 
The step 'An 2 indicating the servo' and 2 other step(s) are undefined.
You can implement these steps using the snippet(s) below:

@Given("An {int} indicating the servo")
public void an_indicating_the_servo(Integer int1) {
    // Write code here that turns the phrase above into concrete actions
    throw new io.cucumber.java.PendingException();
}
@When("The {int} is equals to one of the servos")
public void the_is_equals_to_one_of_the_servos(Integer int1) {
    // Write code here that turns the phrase above into concrete actions
    throw new io.cucumber.java.PendingException();
}
@Then("The system will print the {int} of the servo")
public void the_system_will_print_the_of_the_servo(Integer int1) {
    // Write code here that turns the phrase above into concrete actions
    throw new io.cucumber.java.PendingException();
}

]]></error>
    <system-out><![CDATA[
@tag @tag2
Scenario: Read a single servo                    &amp#27;[90m# hellocucumber/read.feature:49&amp#27;[0m
  &amp#27;[33mGiven &amp#27;[0m&amp#27;[33mAn 2 indicating the servo&amp#27;[0m
  &amp#27;[36mWhen &amp#27;[0m&amp#27;[36mThe 2 is equals to one of the servos&amp#27;[0m
  &amp#27;[36mThen &amp#27;[0m&amp#27;[36mThe system will print the 90 of the servo&amp#27;[0m
]]></system-out>
  </testcase>
  <testcase name="Example #2" classname="Examples" time="0.009">
    <error type="io.cucumber.junit.platform.engine.UndefinedStepException"><![CDATA[io.cucumber.junit.platform.engine.UndefinedStepException: 
The step 'An 2 indicating the servo' and 7 other step(s) are undefined.
You can implement these steps using the snippet(s) below:

@Given("An {int} indicating the servo")
public void an_indicating_the_servo(Integer int1) {
    // Write code here that turns the phrase above into concrete actions
    throw new io.cucumber.java.PendingException();
}
@Given("An {int} for the rotation")
public void an_for_the_rotation(Integer int1) {
    // Write code here that turns the phrase above into concrete actions
    throw new io.cucumber.java.PendingException();
}
@Given("A {int} for the completion of the move")
public void a_for_the_completion_of_the_move(Integer int1) {
    // Write code here that turns the phrase above into concrete actions
    throw new io.cucumber.java.PendingException();
}
@When("The {int} is equals to one of the servos")
public void the_is_equals_to_one_of_the_servos(Integer int1) {
    // Write code here that turns the phrase above into concrete actions
    throw new io.cucumber.java.PendingException();
}
@When("The {int} is in the range of movement")
public void the_is_in_the_range_of_movement(Integer int1) {
    // Write code here that turns the phrase above into concrete actions
    throw new io.cucumber.java.PendingException();
}
@When("The {int} is acceptable")
public void the_is_acceptable(Integer int1) {
    // Write code here that turns the phrase above into concrete actions
    throw new io.cucumber.java.PendingException();
}
@Then("The servo with the {int} given will rotate to the {int}")
public void the_servo_with_the_given_will_rotate_to_the(Integer int1, Integer int2) {
    // Write code here that turns the phrase above into concrete actions
    throw new io.cucumber.java.PendingException();
}
@Then("It will complete the movement in the {int} given")
public void it_will_complete_the_movement_in_the_given(Integer int1) {
    // Write code here that turns the phrase above into concrete actions
    throw new io.cucumber.java.PendingException();
}

]]></error>
    <system-out><![CDATA[
@tag @tag1
Scenario: Rotate a single servo                         &amp#27;[90m# hellocucumber/rotate.feature:37&amp#27;[0m
  &amp#27;[33mGiven &amp#27;[0m&amp#27;[33mAn 2 indicating the servo&amp#27;[0m
  &amp#27;[36mAnd &amp#27;[0m&amp#27;[36mAn 90 for the rotation&amp#27;[0m
  &amp#27;[36mAnd &amp#27;[0m&amp#27;[36mA 1000 for the completion of the move&amp#27;[0m
  &amp#27;[36mWhen &amp#27;[0m&amp#27;[36mThe 2 is equals to one of the servos&amp#27;[0m
  &amp#27;[36mAnd &amp#27;[0m&amp#27;[36mThe 90 is in the range of movement&amp#27;[0m
  &amp#27;[36mAnd &amp#27;[0m&amp#27;[36mThe 1000 is acceptable&amp#27;[0m
  &amp#27;[36mThen &amp#27;[0m&amp#27;[36mThe servo with the 2 given will rotate to the 90&amp#27;[0m
  &amp#27;[36mAnd &amp#27;[0m&amp#27;[36mIt will complete the movement in the 1000 given&amp#27;[0m
]]></system-out>
  </testcase>
  <testcase name="Example #2" classname="Examples" time="0.026">
    <error type="io.cucumber.junit.platform.engine.UndefinedStepException"><![CDATA[io.cucumber.junit.platform.engine.UndefinedStepException: 
The step 'A angle value for 45' and 19 other step(s) are undefined.
You can implement these steps using the snippet(s) below:

@Given("A angle value for {int}")
public void a_angle_value_for(Integer int1) {
    // Write code here that turns the phrase above into concrete actions
    throw new io.cucumber.java.PendingException();
}
@Given("A {int} value for the movement")
public void a_value_for_the_movement(Integer int1) {
    // Write code here that turns the phrase above into concrete actions
    throw new io.cucumber.java.PendingException();
}
@When("The value for {int} is in range")
public void the_value_for_is_in_range(Integer int1) {
    // Write code here that turns the phrase above into concrete actions
    throw new io.cucumber.java.PendingException();
}
@When("The {int} value is acceptable")
public void the_value_is_acceptable(Integer int1) {
    // Write code here that turns the phrase above into concrete actions
    throw new io.cucumber.java.PendingException();
}
@Then("The servo1 will rotate to the value for {int} in the given {int}")
public void the_servo1_will_rotate_to_the_value_for_in_the_given(Integer int1, Integer int2) {
    // Write code here that turns the phrase above into concrete actions
    throw new io.cucumber.java.PendingException();
}
@Then("The servo2 will rotate to the value for {int} in the given {int}")
public void the_servo2_will_rotate_to_the_value_for_in_the_given(Integer int1, Integer int2) {
    // Write code here that turns the phrase above into concrete actions
    throw new io.cucumber.java.PendingException();
}
@Then("The servo3 will rotate to the value for {int} in the given {int}")
public void the_servo3_will_rotate_to_the_value_for_in_the_given(Integer int1, Integer int2) {
    // Write code here that turns the phrase above into concrete actions
    throw new io.cucumber.java.PendingException();
}
@Then("The servo4 will rotate to the value for {int} in the given {int}")
public void the_servo4_will_rotate_to_the_value_for_in_the_given(Integer int1, Integer int2) {
    // Write code here that turns the phrase above into concrete actions
    throw new io.cucumber.java.PendingException();
}
@Then("The servo5 will rotate to the value for {int} in the given {int}")
public void the_servo5_will_rotate_to_the_value_for_in_the_given(Integer int1, Integer int2) {
    // Write code here that turns the phrase above into concrete actions
    throw new io.cucumber.java.PendingException();
}
@Then("The servo6 will rotate to the value for {int} in the given {int}")
public void the_servo6_will_rotate_to_the_value_for_in_the_given(Integer int1, Integer int2) {
    // Write code here that turns the phrase above into concrete actions
    throw new io.cucumber.java.PendingException();
}

]]></error>
    <system-out><![CDATA[
@tag @tag2
Scenario: Rotate multiple servos                                    &amp#27;[90m# hellocucumber/rotate.feature:69&amp#27;[0m
  &amp#27;[33mGiven &amp#27;[0m&amp#27;[33mA angle value for 45&amp#27;[0m
  &amp#27;[36mAnd &amp#27;[0m&amp#27;[36mA angle value for 45&amp#27;[0m
  &amp#27;[36mAnd &amp#27;[0m&amp#27;[36mA angle value for 45&amp#27;[0m
  &amp#27;[36mAnd &amp#27;[0m&amp#27;[36mA angle value for 45&amp#27;[0m
  &amp#27;[36mAnd &amp#27;[0m&amp#27;[36mA angle value for 45&amp#27;[0m
  &amp#27;[36mAnd &amp#27;[0m&amp#27;[36mA angle value for 45&amp#27;[0m
  &amp#27;[36mAnd &amp#27;[0m&amp#27;[36mA 1000 value for the movement&amp#27;[0m
  &amp#27;[36mWhen &amp#27;[0m&amp#27;[36mThe value for 45 is in range&amp#27;[0m
  &amp#27;[36mAnd &amp#27;[0m&amp#27;[36mThe value for 45 is in range&amp#27;[0m
  &amp#27;[36mAnd &amp#27;[0m&amp#27;[36mThe value for 45 is in range&amp#27;[0m
  &amp#27;[36mAnd &amp#27;[0m&amp#27;[36mThe value for 45 is in range&amp#27;[0m
  &amp#27;[36mAnd &amp#27;[0m&amp#27;[36mThe value for 45 is in range&amp#27;[0m
  &amp#27;[36mAnd &amp#27;[0m&amp#27;[36mThe value for 45 is in range&amp#27;[0m
  &amp#27;[36mAnd &amp#27;[0m&amp#27;[36mThe 1000 value is acceptable&amp#27;[0m
  &amp#27;[36mThen &amp#27;[0m&amp#27;[36mThe servo1 will rotate to the value for 45 in the given 1000&amp#27;[0m
  &amp#27;[36mAnd &amp#27;[0m&amp#27;[36mThe servo2 will rotate to the value for 45 in the given 1000&amp#27;[0m
  &amp#27;[36mAnd &amp#27;[0m&amp#27;[36mThe servo3 will rotate to the value for 45 in the given 1000&amp#27;[0m
  &amp#27;[36mAnd &amp#27;[0m&amp#27;[36mThe servo4 will rotate to the value for 45 in the given 1000&amp#27;[0m
  &amp#27;[36mAnd &amp#27;[0m&amp#27;[36mThe servo5 will rotate to the value for 45 in the given 1000&amp#27;[0m
  &amp#27;[36mAnd &amp#27;[0m&amp#27;[36mThe servo6 will rotate to the value for 45 in the given 1000&amp#27;[0m
]]></system-out>
  </testcase>
  <testcase name="Example #3" classname="Examples" time="0.009">
    <error type="io.cucumber.junit.platform.engine.UndefinedStepException"><![CDATA[io.cucumber.junit.platform.engine.UndefinedStepException: 
The step 'A call to the operation' and 6 other step(s) are undefined.
You can implement these steps using the snippet(s) below:

@Given("A call to the operation")
public void a_call_to_the_operation() {
    // Write code here that turns the phrase above into concrete actions
    throw new io.cucumber.java.PendingException();
}
@Then("We will receive the value of the angle for {int}")
public void we_will_receive_the_value_of_the_angle_for(Integer int1) {
    // Write code here that turns the phrase above into concrete actions
    throw new io.cucumber.java.PendingException();
}

]]></error>
    <system-out><![CDATA[
@tag @tag1
Scenario: Read all the angles                        &amp#27;[90m# hellocucumber/read.feature:38&amp#27;[0m
  &amp#27;[33mGiven &amp#27;[0m&amp#27;[33mA call to the operation&amp#27;[0m
  &amp#27;[36mThen &amp#27;[0m&amp#27;[36mWe will receive the value of the angle for 90&amp#27;[0m
  &amp#27;[36mAnd &amp#27;[0m&amp#27;[36mWe will receive the value of the angle for 130&amp#27;[0m
  &amp#27;[36mAnd &amp#27;[0m&amp#27;[36mWe will receive the value of the angle for 0&amp#27;[0m
  &amp#27;[36mAnd &amp#27;[0m&amp#27;[36mWe will receive the value of the angle for 0&amp#27;[0m
  &amp#27;[36mAnd &amp#27;[0m&amp#27;[36mWe will receive the value of the angle for 270&amp#27;[0m
  &amp#27;[36mAnd &amp#27;[0m&amp#27;[36mWe will receive the value of the angle for 60&amp#27;[0m
]]></system-out>
  </testcase>
  <testcase name="Example #3" classname="Examples" time="0.007">
    <error type="io.cucumber.junit.platform.engine.UndefinedStepException"><![CDATA[io.cucumber.junit.platform.engine.UndefinedStepException: 
The step 'An 3 indicating the servo' and 2 other step(s) are undefined.
You can implement these steps using the snippet(s) below:

@Given("An {int} indicating the servo")
public void an_indicating_the_servo(Integer int1) {
    // Write code here that turns the phrase above into concrete actions
    throw new io.cucumber.java.PendingException();
}
@When("The {int} is equals to one of the servos")
public void the_is_equals_to_one_of_the_servos(Integer int1) {
    // Write code here that turns the phrase above into concrete actions
    throw new io.cucumber.java.PendingException();
}
@Then("The system will print the {int} of the servo")
public void the_system_will_print_the_of_the_servo(Integer int1) {
    // Write code here that turns the phrase above into concrete actions
    throw new io.cucumber.java.PendingException();
}

]]></error>
    <system-out><![CDATA[
@tag @tag2
Scenario: Read a single servo                    &amp#27;[90m# hellocucumber/read.feature:50&amp#27;[0m
  &amp#27;[33mGiven &amp#27;[0m&amp#27;[33mAn 3 indicating the servo&amp#27;[0m
  &amp#27;[36mWhen &amp#27;[0m&amp#27;[36mThe 3 is equals to one of the servos&amp#27;[0m
  &amp#27;[36mThen &amp#27;[0m&amp#27;[36mThe system will print the 90 of the servo&amp#27;[0m
]]></system-out>
  </testcase>
  <testcase name="Example #3" classname="Examples" time="0.012">
    <error type="io.cucumber.junit.platform.engine.UndefinedStepException"><![CDATA[io.cucumber.junit.platform.engine.UndefinedStepException: 
The step 'An 3 indicating the servo' and 7 other step(s) are undefined.
You can implement these steps using the snippet(s) below:

@Given("An {int} indicating the servo")
public void an_indicating_the_servo(Integer int1) {
    // Write code here that turns the phrase above into concrete actions
    throw new io.cucumber.java.PendingException();
}
@Given("An {int} for the rotation")
public void an_for_the_rotation(Integer int1) {
    // Write code here that turns the phrase above into concrete actions
    throw new io.cucumber.java.PendingException();
}
@Given("A {int} for the completion of the move")
public void a_for_the_completion_of_the_move(Integer int1) {
    // Write code here that turns the phrase above into concrete actions
    throw new io.cucumber.java.PendingException();
}
@When("The {int} is equals to one of the servos")
public void the_is_equals_to_one_of_the_servos(Integer int1) {
    // Write code here that turns the phrase above into concrete actions
    throw new io.cucumber.java.PendingException();
}
@When("The {int} is in the range of movement")
public void the_is_in_the_range_of_movement(Integer int1) {
    // Write code here that turns the phrase above into concrete actions
    throw new io.cucumber.java.PendingException();
}
@When("The {int} is acceptable")
public void the_is_acceptable(Integer int1) {
    // Write code here that turns the phrase above into concrete actions
    throw new io.cucumber.java.PendingException();
}
@Then("The servo with the {int} given will rotate to the {int}")
public void the_servo_with_the_given_will_rotate_to_the(Integer int1, Integer int2) {
    // Write code here that turns the phrase above into concrete actions
    throw new io.cucumber.java.PendingException();
}
@Then("It will complete the movement in the {int} given")
public void it_will_complete_the_movement_in_the_given(Integer int1) {
    // Write code here that turns the phrase above into concrete actions
    throw new io.cucumber.java.PendingException();
}

]]></error>
    <system-out><![CDATA[
@tag @tag1
Scenario: Rotate a single servo                         &amp#27;[90m# hellocucumber/rotate.feature:38&amp#27;[0m
  &amp#27;[33mGiven &amp#27;[0m&amp#27;[33mAn 3 indicating the servo&amp#27;[0m
  &amp#27;[36mAnd &amp#27;[0m&amp#27;[36mAn 90 for the rotation&amp#27;[0m
  &amp#27;[36mAnd &amp#27;[0m&amp#27;[36mA 1000 for the completion of the move&amp#27;[0m
  &amp#27;[36mWhen &amp#27;[0m&amp#27;[36mThe 3 is equals to one of the servos&amp#27;[0m
  &amp#27;[36mAnd &amp#27;[0m&amp#27;[36mThe 90 is in the range of movement&amp#27;[0m
  &amp#27;[36mAnd &amp#27;[0m&amp#27;[36mThe 1000 is acceptable&amp#27;[0m
  &amp#27;[36mThen &amp#27;[0m&amp#27;[36mThe servo with the 3 given will rotate to the 90&amp#27;[0m
  &amp#27;[36mAnd &amp#27;[0m&amp#27;[36mIt will complete the movement in the 1000 given&amp#27;[0m
]]></system-out>
  </testcase>
  <testcase name="Example #3" classname="Examples" time="0.02">
    <error type="io.cucumber.junit.platform.engine.UndefinedStepException"><![CDATA[io.cucumber.junit.platform.engine.UndefinedStepException: 
The step 'A angle value for 90' and 19 other step(s) are undefined.
You can implement these steps using the snippet(s) below:

@Given("A angle value for {int}")
public void a_angle_value_for(Integer int1) {
    // Write code here that turns the phrase above into concrete actions
    throw new io.cucumber.java.PendingException();
}
@Given("A {int} value for the movement")
public void a_value_for_the_movement(Integer int1) {
    // Write code here that turns the phrase above into concrete actions
    throw new io.cucumber.java.PendingException();
}
@When("The value for {int} is in range")
public void the_value_for_is_in_range(Integer int1) {
    // Write code here that turns the phrase above into concrete actions
    throw new io.cucumber.java.PendingException();
}
@When("The {int} value is acceptable")
public void the_value_is_acceptable(Integer int1) {
    // Write code here that turns the phrase above into concrete actions
    throw new io.cucumber.java.PendingException();
}
@Then("The servo1 will rotate to the value for {int} in the given {int}")
public void the_servo1_will_rotate_to_the_value_for_in_the_given(Integer int1, Integer int2) {
    // Write code here that turns the phrase above into concrete actions
    throw new io.cucumber.java.PendingException();
}
@Then("The servo2 will rotate to the value for {int} in the given {int}")
public void the_servo2_will_rotate_to_the_value_for_in_the_given(Integer int1, Integer int2) {
    // Write code here that turns the phrase above into concrete actions
    throw new io.cucumber.java.PendingException();
}
@Then("The servo3 will rotate to the value for {int} in the given {int}")
public void the_servo3_will_rotate_to_the_value_for_in_the_given(Integer int1, Integer int2) {
    // Write code here that turns the phrase above into concrete actions
    throw new io.cucumber.java.PendingException();
}
@Then("The servo4 will rotate to the value for {int} in the given {int}")
public void the_servo4_will_rotate_to_the_value_for_in_the_given(Integer int1, Integer int2) {
    // Write code here that turns the phrase above into concrete actions
    throw new io.cucumber.java.PendingException();
}
@Then("The servo5 will rotate to the value for {int} in the given {int}")
public void the_servo5_will_rotate_to_the_value_for_in_the_given(Integer int1, Integer int2) {
    // Write code here that turns the phrase above into concrete actions
    throw new io.cucumber.java.PendingException();
}
@Then("The servo6 will rotate to the value for {int} in the given {int}")
public void the_servo6_will_rotate_to_the_value_for_in_the_given(Integer int1, Integer int2) {
    // Write code here that turns the phrase above into concrete actions
    throw new io.cucumber.java.PendingException();
}

]]></error>
    <system-out><![CDATA[
@tag @tag2
Scenario: Rotate multiple servos                                    &amp#27;[90m# hellocucumber/rotate.feature:70&amp#27;[0m
  &amp#27;[33mGiven &amp#27;[0m&amp#27;[33mA angle value for 90&amp#27;[0m
  &amp#27;[36mAnd &amp#27;[0m&amp#27;[36mA angle value for 130&amp#27;[0m
  &amp#27;[36mAnd &amp#27;[0m&amp#27;[36mA angle value for 0&amp#27;[0m
  &amp#27;[36mAnd &amp#27;[0m&amp#27;[36mA angle value for 0&amp#27;[0m
  &amp#27;[36mAnd &amp#27;[0m&amp#27;[36mA angle value for 270&amp#27;[0m
  &amp#27;[36mAnd &amp#27;[0m&amp#27;[36mA angle value for 60&amp#27;[0m
  &amp#27;[36mAnd &amp#27;[0m&amp#27;[36mA 1000 value for the movement&amp#27;[0m
  &amp#27;[36mWhen &amp#27;[0m&amp#27;[36mThe value for 90 is in range&amp#27;[0m
  &amp#27;[36mAnd &amp#27;[0m&amp#27;[36mThe value for 130 is in range&amp#27;[0m
  &amp#27;[36mAnd &amp#27;[0m&amp#27;[36mThe value for 0 is in range&amp#27;[0m
  &amp#27;[36mAnd &amp#27;[0m&amp#27;[36mThe value for 0 is in range&amp#27;[0m
  &amp#27;[36mAnd &amp#27;[0m&amp#27;[36mThe value for 270 is in range&amp#27;[0m
  &amp#27;[36mAnd &amp#27;[0m&amp#27;[36mThe value for 60 is in range&amp#27;[0m
  &amp#27;[36mAnd &amp#27;[0m&amp#27;[36mThe 1000 value is acceptable&amp#27;[0m
  &amp#27;[36mThen &amp#27;[0m&amp#27;[36mThe servo1 will rotate to the value for 90 in the given 1000&amp#27;[0m
  &amp#27;[36mAnd &amp#27;[0m&amp#27;[36mThe servo2 will rotate to the value for 130 in the given 1000&amp#27;[0m
  &amp#27;[36mAnd &amp#27;[0m&amp#27;[36mThe servo3 will rotate to the value for 0 in the given 1000&amp#27;[0m
  &amp#27;[36mAnd &amp#27;[0m&amp#27;[36mThe servo4 will rotate to the value for 0 in the given 1000&amp#27;[0m
  &amp#27;[36mAnd &amp#27;[0m&amp#27;[36mThe servo5 will rotate to the value for 270 in the given 1000&amp#27;[0m
  &amp#27;[36mAnd &amp#27;[0m&amp#27;[36mThe servo6 will rotate to the value for 60 in the given 1000&amp#27;[0m
]]></system-out>
  </testcase>
  <testcase name="Example #4" classname="Examples" time="0.003">
    <error type="io.cucumber.junit.platform.engine.UndefinedStepException"><![CDATA[io.cucumber.junit.platform.engine.UndefinedStepException: 
The step 'An 4 indicating the servo' and 2 other step(s) are undefined.
You can implement these steps using the snippet(s) below:

@Given("An {int} indicating the servo")
public void an_indicating_the_servo(Integer int1) {
    // Write code here that turns the phrase above into concrete actions
    throw new io.cucumber.java.PendingException();
}
@When("The {int} is equals to one of the servos")
public void the_is_equals_to_one_of_the_servos(Integer int1) {
    // Write code here that turns the phrase above into concrete actions
    throw new io.cucumber.java.PendingException();
}
@Then("The system will print the {int} of the servo")
public void the_system_will_print_the_of_the_servo(Integer int1) {
    // Write code here that turns the phrase above into concrete actions
    throw new io.cucumber.java.PendingException();
}

]]></error>
    <system-out><![CDATA[
@tag @tag2
Scenario: Read a single servo                    &amp#27;[90m# hellocucumber/read.feature:51&amp#27;[0m
  &amp#27;[33mGiven &amp#27;[0m&amp#27;[33mAn 4 indicating the servo&amp#27;[0m
  &amp#27;[36mWhen &amp#27;[0m&amp#27;[36mThe 4 is equals to one of the servos&amp#27;[0m
  &amp#27;[36mThen &amp#27;[0m&amp#27;[36mThe system will print the 90 of the servo&amp#27;[0m
]]></system-out>
  </testcase>
  <testcase name="Example #4" classname="Examples" time="0.013">
    <error type="io.cucumber.junit.platform.engine.UndefinedStepException"><![CDATA[io.cucumber.junit.platform.engine.UndefinedStepException: 
The step 'An 4 indicating the servo' and 7 other step(s) are undefined.
You can implement these steps using the snippet(s) below:

@Given("An {int} indicating the servo")
public void an_indicating_the_servo(Integer int1) {
    // Write code here that turns the phrase above into concrete actions
    throw new io.cucumber.java.PendingException();
}
@Given("An {int} for the rotation")
public void an_for_the_rotation(Integer int1) {
    // Write code here that turns the phrase above into concrete actions
    throw new io.cucumber.java.PendingException();
}
@Given("A {int} for the completion of the move")
public void a_for_the_completion_of_the_move(Integer int1) {
    // Write code here that turns the phrase above into concrete actions
    throw new io.cucumber.java.PendingException();
}
@When("The {int} is equals to one of the servos")
public void the_is_equals_to_one_of_the_servos(Integer int1) {
    // Write code here that turns the phrase above into concrete actions
    throw new io.cucumber.java.PendingException();
}
@When("The {int} is in the range of movement")
public void the_is_in_the_range_of_movement(Integer int1) {
    // Write code here that turns the phrase above into concrete actions
    throw new io.cucumber.java.PendingException();
}
@When("The {int} is acceptable")
public void the_is_acceptable(Integer int1) {
    // Write code here that turns the phrase above into concrete actions
    throw new io.cucumber.java.PendingException();
}
@Then("The servo with the {int} given will rotate to the {int}")
public void the_servo_with_the_given_will_rotate_to_the(Integer int1, Integer int2) {
    // Write code here that turns the phrase above into concrete actions
    throw new io.cucumber.java.PendingException();
}
@Then("It will complete the movement in the {int} given")
public void it_will_complete_the_movement_in_the_given(Integer int1) {
    // Write code here that turns the phrase above into concrete actions
    throw new io.cucumber.java.PendingException();
}

]]></error>
    <system-out><![CDATA[
@tag @tag1
Scenario: Rotate a single servo                         &amp#27;[90m# hellocucumber/rotate.feature:39&amp#27;[0m
  &amp#27;[33mGiven &amp#27;[0m&amp#27;[33mAn 4 indicating the servo&amp#27;[0m
  &amp#27;[36mAnd &amp#27;[0m&amp#27;[36mAn 90 for the rotation&amp#27;[0m
  &amp#27;[36mAnd &amp#27;[0m&amp#27;[36mA 1000 for the completion of the move&amp#27;[0m
  &amp#27;[36mWhen &amp#27;[0m&amp#27;[36mThe 4 is equals to one of the servos&amp#27;[0m
  &amp#27;[36mAnd &amp#27;[0m&amp#27;[36mThe 90 is in the range of movement&amp#27;[0m
  &amp#27;[36mAnd &amp#27;[0m&amp#27;[36mThe 1000 is acceptable&amp#27;[0m
  &amp#27;[36mThen &amp#27;[0m&amp#27;[36mThe servo with the 4 given will rotate to the 90&amp#27;[0m
  &amp#27;[36mAnd &amp#27;[0m&amp#27;[36mIt will complete the movement in the 1000 given&amp#27;[0m
]]></system-out>
  </testcase>
  <testcase name="Example #5" classname="Examples" time="0.004">
    <error type="io.cucumber.junit.platform.engine.UndefinedStepException"><![CDATA[io.cucumber.junit.platform.engine.UndefinedStepException: 
The step 'An 5 indicating the servo' and 2 other step(s) are undefined.
You can implement these steps using the snippet(s) below:

@Given("An {int} indicating the servo")
public void an_indicating_the_servo(Integer int1) {
    // Write code here that turns the phrase above into concrete actions
    throw new io.cucumber.java.PendingException();
}
@When("The {int} is equals to one of the servos")
public void the_is_equals_to_one_of_the_servos(Integer int1) {
    // Write code here that turns the phrase above into concrete actions
    throw new io.cucumber.java.PendingException();
}
@Then("The system will print the {int} of the servo")
public void the_system_will_print_the_of_the_servo(Integer int1) {
    // Write code here that turns the phrase above into concrete actions
    throw new io.cucumber.java.PendingException();
}

]]></error>
    <system-out><![CDATA[
@tag @tag2
Scenario: Read a single servo                    &amp#27;[90m# hellocucumber/read.feature:52&amp#27;[0m
  &amp#27;[33mGiven &amp#27;[0m&amp#27;[33mAn 5 indicating the servo&amp#27;[0m
  &amp#27;[36mWhen &amp#27;[0m&amp#27;[36mThe 5 is equals to one of the servos&amp#27;[0m
  &amp#27;[36mThen &amp#27;[0m&amp#27;[36mThe system will print the 90 of the servo&amp#27;[0m
]]></system-out>
  </testcase>
  <testcase name="Example #5" classname="Examples" time="0.009">
    <error type="io.cucumber.junit.platform.engine.UndefinedStepException"><![CDATA[io.cucumber.junit.platform.engine.UndefinedStepException: 
The step 'An 5 indicating the servo' and 7 other step(s) are undefined.
You can implement these steps using the snippet(s) below:

@Given("An {int} indicating the servo")
public void an_indicating_the_servo(Integer int1) {
    // Write code here that turns the phrase above into concrete actions
    throw new io.cucumber.java.PendingException();
}
@Given("An {int} for the rotation")
public void an_for_the_rotation(Integer int1) {
    // Write code here that turns the phrase above into concrete actions
    throw new io.cucumber.java.PendingException();
}
@Given("A {int} for the completion of the move")
public void a_for_the_completion_of_the_move(Integer int1) {
    // Write code here that turns the phrase above into concrete actions
    throw new io.cucumber.java.PendingException();
}
@When("The {int} is equals to one of the servos")
public void the_is_equals_to_one_of_the_servos(Integer int1) {
    // Write code here that turns the phrase above into concrete actions
    throw new io.cucumber.java.PendingException();
}
@When("The {int} is in the range of movement")
public void the_is_in_the_range_of_movement(Integer int1) {
    // Write code here that turns the phrase above into concrete actions
    throw new io.cucumber.java.PendingException();
}
@When("The {int} is acceptable")
public void the_is_acceptable(Integer int1) {
    // Write code here that turns the phrase above into concrete actions
    throw new io.cucumber.java.PendingException();
}
@Then("The servo with the {int} given will rotate to the {int}")
public void the_servo_with_the_given_will_rotate_to_the(Integer int1, Integer int2) {
    // Write code here that turns the phrase above into concrete actions
    throw new io.cucumber.java.PendingException();
}
@Then("It will complete the movement in the {int} given")
public void it_will_complete_the_movement_in_the_given(Integer int1) {
    // Write code here that turns the phrase above into concrete actions
    throw new io.cucumber.java.PendingException();
}

]]></error>
    <system-out><![CDATA[
@tag @tag1
Scenario: Rotate a single servo                         &amp#27;[90m# hellocucumber/rotate.feature:40&amp#27;[0m
  &amp#27;[33mGiven &amp#27;[0m&amp#27;[33mAn 5 indicating the servo&amp#27;[0m
  &amp#27;[36mAnd &amp#27;[0m&amp#27;[36mAn 90 for the rotation&amp#27;[0m
  &amp#27;[36mAnd &amp#27;[0m&amp#27;[36mA 1000 for the completion of the move&amp#27;[0m
  &amp#27;[36mWhen &amp#27;[0m&amp#27;[36mThe 5 is equals to one of the servos&amp#27;[0m
  &amp#27;[36mAnd &amp#27;[0m&amp#27;[36mThe 90 is in the range of movement&amp#27;[0m
  &amp#27;[36mAnd &amp#27;[0m&amp#27;[36mThe 1000 is acceptable&amp#27;[0m
  &amp#27;[36mThen &amp#27;[0m&amp#27;[36mThe servo with the 5 given will rotate to the 90&amp#27;[0m
  &amp#27;[36mAnd &amp#27;[0m&amp#27;[36mIt will complete the movement in the 1000 given&amp#27;[0m
]]></system-out>
  </testcase>
  <testcase name="Example #6" classname="Examples" time="0.007">
    <error type="io.cucumber.junit.platform.engine.UndefinedStepException"><![CDATA[io.cucumber.junit.platform.engine.UndefinedStepException: 
The step 'An 6 indicating the servo' and 2 other step(s) are undefined.
You can implement these steps using the snippet(s) below:

@Given("An {int} indicating the servo")
public void an_indicating_the_servo(Integer int1) {
    // Write code here that turns the phrase above into concrete actions
    throw new io.cucumber.java.PendingException();
}
@When("The {int} is equals to one of the servos")
public void the_is_equals_to_one_of_the_servos(Integer int1) {
    // Write code here that turns the phrase above into concrete actions
    throw new io.cucumber.java.PendingException();
}
@Then("The system will print the {int} of the servo")
public void the_system_will_print_the_of_the_servo(Integer int1) {
    // Write code here that turns the phrase above into concrete actions
    throw new io.cucumber.java.PendingException();
}

]]></error>
    <system-out><![CDATA[
@tag @tag2
Scenario: Read a single servo                    &amp#27;[90m# hellocucumber/read.feature:53&amp#27;[0m
  &amp#27;[33mGiven &amp#27;[0m&amp#27;[33mAn 6 indicating the servo&amp#27;[0m
  &amp#27;[36mWhen &amp#27;[0m&amp#27;[36mThe 6 is equals to one of the servos&amp#27;[0m
  &amp#27;[36mThen &amp#27;[0m&amp#27;[36mThe system will print the 90 of the servo&amp#27;[0m
]]></system-out>
  </testcase>
  <testcase name="Example #6" classname="Examples" time="0.012">
    <error type="io.cucumber.junit.platform.engine.UndefinedStepException"><![CDATA[io.cucumber.junit.platform.engine.UndefinedStepException: 
The step 'An 6 indicating the servo' and 7 other step(s) are undefined.
You can implement these steps using the snippet(s) below:

@Given("An {int} indicating the servo")
public void an_indicating_the_servo(Integer int1) {
    // Write code here that turns the phrase above into concrete actions
    throw new io.cucumber.java.PendingException();
}
@Given("An {int} for the rotation")
public void an_for_the_rotation(Integer int1) {
    // Write code here that turns the phrase above into concrete actions
    throw new io.cucumber.java.PendingException();
}
@Given("A {int} for the completion of the move")
public void a_for_the_completion_of_the_move(Integer int1) {
    // Write code here that turns the phrase above into concrete actions
    throw new io.cucumber.java.PendingException();
}
@When("The {int} is equals to one of the servos")
public void the_is_equals_to_one_of_the_servos(Integer int1) {
    // Write code here that turns the phrase above into concrete actions
    throw new io.cucumber.java.PendingException();
}
@When("The {int} is in the range of movement")
public void the_is_in_the_range_of_movement(Integer int1) {
    // Write code here that turns the phrase above into concrete actions
    throw new io.cucumber.java.PendingException();
}
@When("The {int} is acceptable")
public void the_is_acceptable(Integer int1) {
    // Write code here that turns the phrase above into concrete actions
    throw new io.cucumber.java.PendingException();
}
@Then("The servo with the {int} given will rotate to the {int}")
public void the_servo_with_the_given_will_rotate_to_the(Integer int1, Integer int2) {
    // Write code here that turns the phrase above into concrete actions
    throw new io.cucumber.java.PendingException();
}
@Then("It will complete the movement in the {int} given")
public void it_will_complete_the_movement_in_the_given(Integer int1) {
    // Write code here that turns the phrase above into concrete actions
    throw new io.cucumber.java.PendingException();
}

]]></error>
    <system-out><![CDATA[
@tag @tag1
Scenario: Rotate a single servo                         &amp#27;[90m# hellocucumber/rotate.feature:41&amp#27;[0m
  &amp#27;[33mGiven &amp#27;[0m&amp#27;[33mAn 6 indicating the servo&amp#27;[0m
  &amp#27;[36mAnd &amp#27;[0m&amp#27;[36mAn 90 for the rotation&amp#27;[0m
  &amp#27;[36mAnd &amp#27;[0m&amp#27;[36mA 1000 for the completion of the move&amp#27;[0m
  &amp#27;[36mWhen &amp#27;[0m&amp#27;[36mThe 6 is equals to one of the servos&amp#27;[0m
  &amp#27;[36mAnd &amp#27;[0m&amp#27;[36mThe 90 is in the range of movement&amp#27;[0m
  &amp#27;[36mAnd &amp#27;[0m&amp#27;[36mThe 1000 is acceptable&amp#27;[0m
  &amp#27;[36mThen &amp#27;[0m&amp#27;[36mThe servo with the 6 given will rotate to the 90&amp#27;[0m
  &amp#27;[36mAnd &amp#27;[0m&amp#27;[36mIt will complete the movement in the 1000 given&amp#27;[0m
]]></system-out>
  </testcase>
</testsuite>